  Source.cpp
C:\Users\Admin\source\repos\Project1\Source.cpp(30,21): warning C4244: =: преобразование "double" в "float", возможна потеря данных
C:\Users\Admin\source\repos\Project1\Source.cpp(42,28): warning C4244: =: преобразование "int" в "T", возможна потеря данных
          with
          [
              T=float
          ]
C:\Users\Admin\source\repos\Project1\Source.cpp(131,11): warning C4353: нестандартное расширение: константа 0 в качестве выражения функции.  Следует заменить на подставляемую функцию "__noop"
C:\Users\Admin\source\repos\Project1\Source.cpp(139,32): warning C4244: аргумент: преобразование "int" в "float", возможна потеря данных
C:\Users\Admin\source\repos\Project1\Source.cpp(174,32): warning C4244: аргумент: преобразование "int" в "float", возможна потеря данных
C:\Users\Admin\source\repos\Project1\Source.cpp(186,20): warning C4244: инициализация: преобразование "sf::Int64" в "float", возможна потеря данных
C:\Users\Admin\source\repos\Project1\Source.cpp(202,32): warning C4305: =: усечение из "double" в "float"
C:\Users\Admin\source\repos\Project1\Source.cpp(223,48): warning C4244: аргумент: преобразование "int" в "float", возможна потеря данных
C:\Users\Admin\source\repos\Project1\Source.cpp(255,42): warning C4244: аргумент: преобразование "double" в "float", возможна потеря данных
C:\Users\Admin\source\repos\Project1\Source.cpp(276,32): warning C4244: аргумент: преобразование "double" в "float", возможна потеря данных
C:\Users\Admin\source\repos\Project1\Source.cpp(281,48): warning C4244: аргумент: преобразование "int" в "float", возможна потеря данных
C:\Users\Admin\source\repos\Project1\Source.cpp(287,27): warning C4305: +=: усечение из "double" в "float"
C:\Users\Admin\source\repos\Project1\Source.cpp(348,21): warning C4305: +=: усечение из "double" в "float"
  Создание кода
  1 of 83 functions ( 1.2%) were compiled, the rest were copied from previous compilation.
    0 functions were new in current compilation
    0 functions had inline decision re-evaluated but remain unchanged
  Создание кода завершено
  Project1.vcxproj -> C:\Users\Admin\source\repos\Project1\x64\Release\Project1.exe
