  Source.cpp
sfml-window-s.lib(GlContext.cpp.obj) : error LNK2001: неразрешенный внешний символ __imp__glEnable@4.
sfml-window-s.lib(GlContext.cpp.obj) : error LNK2001: неразрешенный внешний символ __imp__glGetError@0.
sfml-window-s.lib(GlContext.cpp.obj) : error LNK2001: неразрешенный внешний символ __imp__glGetIntegerv@8.
sfml-window-s.lib(GlContext.cpp.obj) : error LNK2001: неразрешенный внешний символ __imp__glGetString@4.
sfml-window-s.lib(GlContext.cpp.obj) : error LNK2001: неразрешенный внешний символ __imp__glIsEnabled@4.
sfml-window-s.lib(WglContext.cpp.obj) : error LNK2001: неразрешенный внешний символ __imp__wglCreateContext@4.
sfml-window-s.lib(WglContext.cpp.obj) : error LNK2001: неразрешенный внешний символ __imp__wglDeleteContext@4.
sfml-window-s.lib(WglContext.cpp.obj) : error LNK2001: неразрешенный внешний символ __imp__wglGetProcAddress@4.
sfml-window-s.lib(WglContext.cpp.obj) : error LNK2001: неразрешенный внешний символ __imp__wglMakeCurrent@8.
sfml-window-s.lib(WglContext.cpp.obj) : error LNK2001: неразрешенный внешний символ __imp__wglShareLists@8.
sfml-window-s.lib(JoystickImpl.cpp.obj) : error LNK2001: неразрешенный внешний символ __imp__joyGetPosEx@8.
sfml-window-s.lib(JoystickImpl.cpp.obj) : error LNK2001: неразрешенный внешний символ __imp__joyGetDevCapsW@12.
sfml-graphics-s.lib(RenderTarget.cpp.obj) : error LNK2001: неразрешенный внешний символ _glBlendFunc@8.
sfml-graphics-s.lib(RenderTarget.cpp.obj) : error LNK2001: неразрешенный внешний символ _glClear@4.
sfml-graphics-s.lib(RenderTarget.cpp.obj) : error LNK2001: неразрешенный внешний символ _glClearColor@16.
sfml-graphics-s.lib(RenderTarget.cpp.obj) : error LNK2001: неразрешенный внешний символ _glDisable@4.
sfml-graphics-s.lib(RenderTarget.cpp.obj) : error LNK2001: неразрешенный внешний символ _glEnable@4.
sfml-graphics-s.lib(RenderTarget.cpp.obj) : error LNK2001: неразрешенный внешний символ _glLoadIdentity@0.
sfml-graphics-s.lib(Texture.cpp.obj) : error LNK2001: неразрешенный внешний символ _glLoadIdentity@0.
sfml-graphics-s.lib(RenderTarget.cpp.obj) : error LNK2001: неразрешенный внешний символ _glLoadMatrixf@4.
sfml-graphics-s.lib(Texture.cpp.obj) : error LNK2001: неразрешенный внешний символ _glLoadMatrixf@4.
sfml-graphics-s.lib(RenderTarget.cpp.obj) : error LNK2001: неразрешенный внешний символ _glMatrixMode@4.
sfml-graphics-s.lib(Texture.cpp.obj) : error LNK2001: неразрешенный внешний символ _glMatrixMode@4.
sfml-graphics-s.lib(RenderTarget.cpp.obj) : error LNK2001: неразрешенный внешний символ _glPopAttrib@0.
sfml-graphics-s.lib(RenderTarget.cpp.obj) : error LNK2001: неразрешенный внешний символ _glPopMatrix@0.
sfml-graphics-s.lib(RenderTarget.cpp.obj) : error LNK2001: неразрешенный внешний символ _glPushAttrib@4.
sfml-graphics-s.lib(RenderTarget.cpp.obj) : error LNK2001: неразрешенный внешний символ _glPushMatrix@0.
sfml-graphics-s.lib(RenderTarget.cpp.obj) : error LNK2001: неразрешенный внешний символ _glViewport@16.
sfml-graphics-s.lib(RenderTarget.cpp.obj) : error LNK2001: неразрешенный внешний символ _glColorPointer@16.
sfml-graphics-s.lib(RenderTarget.cpp.obj) : error LNK2001: неразрешенный внешний символ _glDisableClientState@4.
sfml-graphics-s.lib(RenderTarget.cpp.obj) : error LNK2001: неразрешенный внешний символ _glDrawArrays@12.
sfml-graphics-s.lib(RenderTarget.cpp.obj) : error LNK2001: неразрешенный внешний символ _glEnableClientState@4.
sfml-graphics-s.lib(RenderTarget.cpp.obj) : error LNK2001: неразрешенный внешний символ _glPopClientAttrib@0.
sfml-graphics-s.lib(RenderTarget.cpp.obj) : error LNK2001: неразрешенный внешний символ _glPushClientAttrib@4.
sfml-graphics-s.lib(RenderTarget.cpp.obj) : error LNK2001: неразрешенный внешний символ _glTexCoordPointer@16.
sfml-graphics-s.lib(RenderTarget.cpp.obj) : error LNK2001: неразрешенный внешний символ _glVertexPointer@16.
sfml-graphics-s.lib(Texture.cpp.obj) : error LNK2001: неразрешенный внешний символ _glFlush@0.
sfml-graphics-s.lib(Shader.cpp.obj) : error LNK2001: неразрешенный внешний символ _glFlush@0.
sfml-graphics-s.lib(TextureSaver.cpp.obj) : error LNK2001: неразрешенный внешний символ _glGetIntegerv@8.
sfml-graphics-s.lib(Texture.cpp.obj) : error LNK2001: неразрешенный внешний символ _glGetIntegerv@8.
sfml-graphics-s.lib(RenderTextureImplFBO.cpp.obj) : error LNK2001: неразрешенный внешний символ _glGetIntegerv@8.
sfml-graphics-s.lib(Shader.cpp.obj) : error LNK2001: неразрешенный внешний символ _glGetIntegerv@8.
sfml-graphics-s.lib(GLExtensions.cpp.obj) : error LNK2001: неразрешенный внешний символ _glGetIntegerv@8.
sfml-graphics-s.lib(Texture.cpp.obj) : error LNK2001: неразрешенный внешний символ _glGetTexImage@20.
sfml-graphics-s.lib(Texture.cpp.obj) : error LNK2001: неразрешенный внешний символ _glTexImage2D@36.
sfml-graphics-s.lib(Texture.cpp.obj) : error LNK2001: неразрешенный внешний символ _glTexParameteri@12.
sfml-graphics-s.lib(Texture.cpp.obj) : error LNK2001: неразрешенный внешний символ _glBindTexture@8.
sfml-graphics-s.lib(TextureSaver.cpp.obj) : error LNK2001: неразрешенный внешний символ _glBindTexture@8.
sfml-graphics-s.lib(Texture.cpp.obj) : error LNK2001: неразрешенный внешний символ _glCopyTexSubImage2D@32.
sfml-graphics-s.lib(Texture.cpp.obj) : error LNK2001: неразрешенный внешний символ _glDeleteTextures@8.
sfml-graphics-s.lib(Texture.cpp.obj) : error LNK2001: неразрешенный внешний символ _glGenTextures@8.
sfml-graphics-s.lib(Texture.cpp.obj) : error LNK2001: неразрешенный внешний символ _glTexSubImage2D@36.
sfml-graphics-s.lib(GLExtensions.cpp.obj) : error LNK2001: неразрешенный внешний символ _glGetError@0.
sfml-graphics-s.lib(GLExtensions.cpp.obj) : error LNK2001: неразрешенный внешний символ _glGetString@4.
sfml-system-s.lib(SleepImpl.cpp.obj) : error LNK2001: неразрешенный внешний символ __imp__timeGetDevCaps@8.
sfml-system-s.lib(SleepImpl.cpp.obj) : error LNK2001: неразрешенный внешний символ __imp__timeBeginPeriod@4.
sfml-system-s.lib(SleepImpl.cpp.obj) : error LNK2001: неразрешенный внешний символ __imp__timeEndPeriod@4.
C:\Users\Admin\source\repos\Project1\Release\Project1.exe : fatal error LNK1120: неразрешенных внешних элементов: 48
